<?xml version="1.0" encoding="UTF-8"?>
<testsuite xmlns:xsi="http://www.w3.org/2001/XMLSchema-instance" xsi:noNamespaceSchemaLocation="https://maven.apache.org/surefire/maven-surefire-plugin/xsd/surefire-test-report.xsd" version="3.0.2" name="com.example.demo.Controller.ExerciseControllerTest" time="0.211" tests="3" errors="0" skipped="0" failures="0">
  <properties>
    <property name="java.specification.version" value="23"/>
    <property name="sun.jnu.encoding" value="UTF-8"/>
    <property name="java.class.path" value="/Users/kunaharshakumar/Desktop/fitfusion_Dev-1/backend/target/test-classes:/Users/kunaharshakumar/Desktop/fitfusion_Dev-1/backend/target/classes:/Users/kunaharshakumar/.m2/repository/org/springframework/boot/spring-boot-starter-batch/3.4.1-SNAPSHOT/spring-boot-starter-batch-3.4.1-SNAPSHOT.jar:/Users/kunaharshakumar/.m2/repository/org/springframework/boot/spring-boot-starter/3.4.1-SNAPSHOT/spring-boot-starter-3.4.1-SNAPSHOT.jar:/Users/kunaharshakumar/.m2/repository/org/springframework/boot/spring-boot-starter-logging/3.4.1-SNAPSHOT/spring-boot-starter-logging-3.4.1-SNAPSHOT.jar:/Users/kunaharshakumar/.m2/repository/ch/qos/logback/logback-classic/1.5.12/logback-classic-1.5.12.jar:/Users/kunaharshakumar/.m2/repository/ch/qos/logback/logback-core/1.5.12/logback-core-1.5.12.jar:/Users/kunaharshakumar/.m2/repository/org/apache/logging/log4j/log4j-to-slf4j/2.24.2/log4j-to-slf4j-2.24.2.jar:/Users/kunaharshakumar/.m2/repository/org/apache/logging/log4j/log4j-api/2.24.2/log4j-api-2.24.2.jar:/Users/kunaharshakumar/.m2/repository/org/slf4j/jul-to-slf4j/2.0.16/jul-to-slf4j-2.0.16.jar:/Users/kunaharshakumar/.m2/repository/jakarta/annotation/jakarta.annotation-api/2.1.1/jakarta.annotation-api-2.1.1.jar:/Users/kunaharshakumar/.m2/repository/org/yaml/snakeyaml/2.3/snakeyaml-2.3.jar:/Users/kunaharshakumar/.m2/repository/org/springframework/batch/spring-batch-core/5.2.0/spring-batch-core-5.2.0.jar:/Users/kunaharshakumar/.m2/repository/org/springframework/batch/spring-batch-infrastructure/5.2.0/spring-batch-infrastructure-5.2.0.jar:/Users/kunaharshakumar/.m2/repository/org/springframework/retry/spring-retry/2.0.10/spring-retry-2.0.10.jar:/Users/kunaharshakumar/.m2/repository/org/springframework/spring-aop/6.2.1-SNAPSHOT/spring-aop-6.2.1-SNAPSHOT.jar:/Users/kunaharshakumar/.m2/repository/org/springframework/spring-beans/6.2.1-SNAPSHOT/spring-beans-6.2.1-SNAPSHOT.jar:/Users/kunaharshakumar/.m2/repository/org/springframework/spring-context/6.2.1-SNAPSHOT/spring-context-6.2.1-SNAPSHOT.jar:/Users/kunaharshakumar/.m2/repository/org/springframework/spring-tx/6.2.1-SNAPSHOT/spring-tx-6.2.1-SNAPSHOT.jar:/Users/kunaharshakumar/.m2/repository/io/micrometer/micrometer-core/1.14.2-SNAPSHOT/micrometer-core-1.14.2-SNAPSHOT.jar:/Users/kunaharshakumar/.m2/repository/io/micrometer/micrometer-commons/1.14.2-SNAPSHOT/micrometer-commons-1.14.2-SNAPSHOT.jar:/Users/kunaharshakumar/.m2/repository/org/hdrhistogram/HdrHistogram/2.2.2/HdrHistogram-2.2.2.jar:/Users/kunaharshakumar/.m2/repository/org/latencyutils/LatencyUtils/2.0.3/LatencyUtils-2.0.3.jar:/Users/kunaharshakumar/.m2/repository/io/micrometer/micrometer-observation/1.14.2-SNAPSHOT/micrometer-observation-1.14.2-SNAPSHOT.jar:/Users/kunaharshakumar/.m2/repository/org/springframework/data/spring-data-commons/3.4.1-SNAPSHOT/spring-data-commons-3.4.1-SNAPSHOT.jar:/Users/kunaharshakumar/.m2/repository/org/hibernate/validator/hibernate-validator/8.0.1.Final/hibernate-validator-8.0.1.Final.jar:/Users/kunaharshakumar/.m2/repository/jakarta/validation/jakarta.validation-api/3.0.2/jakarta.validation-api-3.0.2.jar:/Users/kunaharshakumar/.m2/repository/org/jboss/logging/jboss-logging/3.6.1.Final/jboss-logging-3.6.1.Final.jar:/Users/kunaharshakumar/.m2/repository/com/fasterxml/classmate/1.7.0/classmate-1.7.0.jar:/Users/kunaharshakumar/.m2/repository/org/springdoc/springdoc-openapi-starter-webmvc-ui/2.1.0/springdoc-openapi-starter-webmvc-ui-2.1.0.jar:/Users/kunaharshakumar/.m2/repository/org/springdoc/springdoc-openapi-starter-webmvc-api/2.1.0/springdoc-openapi-starter-webmvc-api-2.1.0.jar:/Users/kunaharshakumar/.m2/repository/org/springdoc/springdoc-openapi-starter-common/2.1.0/springdoc-openapi-starter-common-2.1.0.jar:/Users/kunaharshakumar/.m2/repository/io/swagger/core/v3/swagger-core-jakarta/2.2.9/swagger-core-jakarta-2.2.9.jar:/Users/kunaharshakumar/.m2/repository/org/apache/commons/commons-lang3/3.17.0/commons-lang3-3.17.0.jar:/Users/kunaharshakumar/.m2/repository/io/swagger/core/v3/swagger-annotations-jakarta/2.2.9/swagger-annotations-jakarta-2.2.9.jar:/Users/kunaharshakumar/.m2/repository/io/swagger/core/v3/swagger-models-jakarta/2.2.9/swagger-models-jakarta-2.2.9.jar:/Users/kunaharshakumar/.m2/repository/com/fasterxml/jackson/dataformat/jackson-dataformat-yaml/2.18.2/jackson-dataformat-yaml-2.18.2.jar:/Users/kunaharshakumar/.m2/repository/org/webjars/swagger-ui/4.18.2/swagger-ui-4.18.2.jar:/Users/kunaharshakumar/.m2/repository/org/springframework/boot/spring-boot-starter-test/3.4.1-SNAPSHOT/spring-boot-starter-test-3.4.1-SNAPSHOT.jar:/Users/kunaharshakumar/.m2/repository/org/springframework/boot/spring-boot-test/3.4.1-SNAPSHOT/spring-boot-test-3.4.1-SNAPSHOT.jar:/Users/kunaharshakumar/.m2/repository/org/springframework/boot/spring-boot-test-autoconfigure/3.4.1-SNAPSHOT/spring-boot-test-autoconfigure-3.4.1-SNAPSHOT.jar:/Users/kunaharshakumar/.m2/repository/com/jayway/jsonpath/json-path/2.9.0/json-path-2.9.0.jar:/Users/kunaharshakumar/.m2/repository/org/slf4j/slf4j-api/2.0.16/slf4j-api-2.0.16.jar:/Users/kunaharshakumar/.m2/repository/jakarta/xml/bind/jakarta.xml.bind-api/4.0.2/jakarta.xml.bind-api-4.0.2.jar:/Users/kunaharshakumar/.m2/repository/jakarta/activation/jakarta.activation-api/2.1.3/jakarta.activation-api-2.1.3.jar:/Users/kunaharshakumar/.m2/repository/net/minidev/json-smart/2.5.1/json-smart-2.5.1.jar:/Users/kunaharshakumar/.m2/repository/net/minidev/accessors-smart/2.5.1/accessors-smart-2.5.1.jar:/Users/kunaharshakumar/.m2/repository/org/ow2/asm/asm/9.6/asm-9.6.jar:/Users/kunaharshakumar/.m2/repository/org/assertj/assertj-core/3.26.3/assertj-core-3.26.3.jar:/Users/kunaharshakumar/.m2/repository/org/awaitility/awaitility/4.2.2/awaitility-4.2.2.jar:/Users/kunaharshakumar/.m2/repository/org/hamcrest/hamcrest/2.2/hamcrest-2.2.jar:/Users/kunaharshakumar/.m2/repository/org/junit/jupiter/junit-jupiter/5.11.3/junit-jupiter-5.11.3.jar:/Users/kunaharshakumar/.m2/repository/org/junit/jupiter/junit-jupiter-api/5.11.3/junit-jupiter-api-5.11.3.jar:/Users/kunaharshakumar/.m2/repository/org/opentest4j/opentest4j/1.3.0/opentest4j-1.3.0.jar:/Users/kunaharshakumar/.m2/repository/org/junit/platform/junit-platform-commons/1.11.3/junit-platform-commons-1.11.3.jar:/Users/kunaharshakumar/.m2/repository/org/apiguardian/apiguardian-api/1.1.2/apiguardian-api-1.1.2.jar:/Users/kunaharshakumar/.m2/repository/org/junit/jupiter/junit-jupiter-params/5.11.3/junit-jupiter-params-5.11.3.jar:/Users/kunaharshakumar/.m2/repository/org/junit/jupiter/junit-jupiter-engine/5.11.3/junit-jupiter-engine-5.11.3.jar:/Users/kunaharshakumar/.m2/repository/org/junit/platform/junit-platform-engine/1.11.3/junit-platform-engine-1.11.3.jar:/Users/kunaharshakumar/.m2/repository/org/mockito/mockito-junit-jupiter/5.14.2/mockito-junit-jupiter-5.14.2.jar:/Users/kunaharshakumar/.m2/repository/org/skyscreamer/jsonassert/1.5.3/jsonassert-1.5.3.jar:/Users/kunaharshakumar/.m2/repository/com/vaadin/external/google/android-json/0.0.20131108.vaadin1/android-json-0.0.20131108.vaadin1.jar:/Users/kunaharshakumar/.m2/repository/org/springframework/spring-core/6.2.1-SNAPSHOT/spring-core-6.2.1-SNAPSHOT.jar:/Users/kunaharshakumar/.m2/repository/org/springframework/spring-jcl/6.2.1-SNAPSHOT/spring-jcl-6.2.1-SNAPSHOT.jar:/Users/kunaharshakumar/.m2/repository/org/springframework/spring-test/6.2.1-SNAPSHOT/spring-test-6.2.1-SNAPSHOT.jar:/Users/kunaharshakumar/.m2/repository/org/xmlunit/xmlunit-core/2.10.0/xmlunit-core-2.10.0.jar:/Users/kunaharshakumar/.m2/repository/org/mockito/mockito-core/4.0.0/mockito-core-4.0.0.jar:/Users/kunaharshakumar/.m2/repository/net/bytebuddy/byte-buddy/1.15.10/byte-buddy-1.15.10.jar:/Users/kunaharshakumar/.m2/repository/net/bytebuddy/byte-buddy-agent/1.15.10/byte-buddy-agent-1.15.10.jar:/Users/kunaharshakumar/.m2/repository/org/objenesis/objenesis/3.2/objenesis-3.2.jar:/Users/kunaharshakumar/.m2/repository/org/springframework/boot/spring-boot-starter-data-jdbc/3.4.1-SNAPSHOT/spring-boot-starter-data-jdbc-3.4.1-SNAPSHOT.jar:/Users/kunaharshakumar/.m2/repository/org/springframework/data/spring-data-jdbc/3.4.1-SNAPSHOT/spring-data-jdbc-3.4.1-SNAPSHOT.jar:/Users/kunaharshakumar/.m2/repository/org/springframework/data/spring-data-relational/3.4.1-SNAPSHOT/spring-data-relational-3.4.1-SNAPSHOT.jar:/Users/kunaharshakumar/.m2/repository/org/springframework/boot/spring-boot-starter-data-rest/3.4.1-SNAPSHOT/spring-boot-starter-data-rest-3.4.1-SNAPSHOT.jar:/Users/kunaharshakumar/.m2/repository/org/springframework/data/spring-data-rest-webmvc/4.4.1-SNAPSHOT/spring-data-rest-webmvc-4.4.1-SNAPSHOT.jar:/Users/kunaharshakumar/.m2/repository/org/springframework/data/spring-data-rest-core/4.4.1-SNAPSHOT/spring-data-rest-core-4.4.1-SNAPSHOT.jar:/Users/kunaharshakumar/.m2/repository/org/springframework/hateoas/spring-hateoas/2.4.0/spring-hateoas-2.4.0.jar:/Users/kunaharshakumar/.m2/repository/org/springframework/plugin/spring-plugin-core/3.0.0/spring-plugin-core-3.0.0.jar:/Users/kunaharshakumar/.m2/repository/org/atteo/evo-inflector/1.3/evo-inflector-1.3.jar:/Users/kunaharshakumar/.m2/repository/com/fasterxml/jackson/core/jackson-databind/2.18.2/jackson-databind-2.18.2.jar:/Users/kunaharshakumar/.m2/repository/com/fasterxml/jackson/core/jackson-core/2.18.2/jackson-core-2.18.2.jar:/Users/kunaharshakumar/.m2/repository/com/fasterxml/jackson/core/jackson-annotations/2.18.2/jackson-annotations-2.18.2.jar:/Users/kunaharshakumar/.m2/repository/org/springframework/boot/spring-boot-starter-jdbc/3.4.1-SNAPSHOT/spring-boot-starter-jdbc-3.4.1-SNAPSHOT.jar:/Users/kunaharshakumar/.m2/repository/com/zaxxer/HikariCP/5.1.0/HikariCP-5.1.0.jar:/Users/kunaharshakumar/.m2/repository/org/springframework/spring-jdbc/6.2.1-SNAPSHOT/spring-jdbc-6.2.1-SNAPSHOT.jar:/Users/kunaharshakumar/.m2/repository/org/springframework/boot/spring-boot-starter-thymeleaf/3.4.1-SNAPSHOT/spring-boot-starter-thymeleaf-3.4.1-SNAPSHOT.jar:/Users/kunaharshakumar/.m2/repository/org/thymeleaf/thymeleaf-spring6/3.1.2.RELEASE/thymeleaf-spring6-3.1.2.RELEASE.jar:/Users/kunaharshakumar/.m2/repository/org/thymeleaf/thymeleaf/3.1.2.RELEASE/thymeleaf-3.1.2.RELEASE.jar:/Users/kunaharshakumar/.m2/repository/org/attoparser/attoparser/2.0.7.RELEASE/attoparser-2.0.7.RELEASE.jar:/Users/kunaharshakumar/.m2/repository/org/unbescape/unbescape/1.1.6.RELEASE/unbescape-1.1.6.RELEASE.jar:/Users/kunaharshakumar/.m2/repository/org/springframework/boot/spring-boot-starter-web/3.4.1-SNAPSHOT/spring-boot-starter-web-3.4.1-SNAPSHOT.jar:/Users/kunaharshakumar/.m2/repository/org/springframework/boot/spring-boot-starter-json/3.4.1-SNAPSHOT/spring-boot-starter-json-3.4.1-SNAPSHOT.jar:/Users/kunaharshakumar/.m2/repository/com/fasterxml/jackson/datatype/jackson-datatype-jdk8/2.18.2/jackson-datatype-jdk8-2.18.2.jar:/Users/kunaharshakumar/.m2/repository/com/fasterxml/jackson/datatype/jackson-datatype-jsr310/2.18.2/jackson-datatype-jsr310-2.18.2.jar:/Users/kunaharshakumar/.m2/repository/com/fasterxml/jackson/module/jackson-module-parameter-names/2.18.2/jackson-module-parameter-names-2.18.2.jar:/Users/kunaharshakumar/.m2/repository/org/springframework/boot/spring-boot-starter-tomcat/3.4.1-SNAPSHOT/spring-boot-starter-tomcat-3.4.1-SNAPSHOT.jar:/Users/kunaharshakumar/.m2/repository/org/apache/tomcat/embed/tomcat-embed-core/10.1.33/tomcat-embed-core-10.1.33.jar:/Users/kunaharshakumar/.m2/repository/org/apache/tomcat/embed/tomcat-embed-el/10.1.33/tomcat-embed-el-10.1.33.jar:/Users/kunaharshakumar/.m2/repository/org/apache/tomcat/embed/tomcat-embed-websocket/10.1.33/tomcat-embed-websocket-10.1.33.jar:/Users/kunaharshakumar/.m2/repository/org/springframework/spring-web/6.2.1-SNAPSHOT/spring-web-6.2.1-SNAPSHOT.jar:/Users/kunaharshakumar/.m2/repository/org/springframework/spring-webmvc/6.2.1-SNAPSHOT/spring-webmvc-6.2.1-SNAPSHOT.jar:/Users/kunaharshakumar/.m2/repository/org/springframework/spring-expression/6.2.1-SNAPSHOT/spring-expression-6.2.1-SNAPSHOT.jar:/Users/kunaharshakumar/.m2/repository/org/springframework/boot/spring-boot-starter-webflux/3.4.1-SNAPSHOT/spring-boot-starter-webflux-3.4.1-SNAPSHOT.jar:/Users/kunaharshakumar/.m2/repository/org/springframework/boot/spring-boot-starter-reactor-netty/3.4.1-SNAPSHOT/spring-boot-starter-reactor-netty-3.4.1-SNAPSHOT.jar:/Users/kunaharshakumar/.m2/repository/io/projectreactor/netty/reactor-netty-http/1.2.1-SNAPSHOT/reactor-netty-http-1.2.1-SNAPSHOT.jar:/Users/kunaharshakumar/.m2/repository/io/netty/netty-codec-http/4.1.115.Final/netty-codec-http-4.1.115.Final.jar:/Users/kunaharshakumar/.m2/repository/io/netty/netty-common/4.1.115.Final/netty-common-4.1.115.Final.jar:/Users/kunaharshakumar/.m2/repository/io/netty/netty-buffer/4.1.115.Final/netty-buffer-4.1.115.Final.jar:/Users/kunaharshakumar/.m2/repository/io/netty/netty-transport/4.1.115.Final/netty-transport-4.1.115.Final.jar:/Users/kunaharshakumar/.m2/repository/io/netty/netty-codec/4.1.115.Final/netty-codec-4.1.115.Final.jar:/Users/kunaharshakumar/.m2/repository/io/netty/netty-handler/4.1.115.Final/netty-handler-4.1.115.Final.jar:/Users/kunaharshakumar/.m2/repository/io/netty/netty-codec-http2/4.1.115.Final/netty-codec-http2-4.1.115.Final.jar:/Users/kunaharshakumar/.m2/repository/io/netty/netty-resolver-dns/4.1.115.Final/netty-resolver-dns-4.1.115.Final.jar:/Users/kunaharshakumar/.m2/repository/io/netty/netty-resolver/4.1.115.Final/netty-resolver-4.1.115.Final.jar:/Users/kunaharshakumar/.m2/repository/io/netty/netty-codec-dns/4.1.115.Final/netty-codec-dns-4.1.115.Final.jar:/Users/kunaharshakumar/.m2/repository/io/netty/netty-resolver-dns-native-macos/4.1.115.Final/netty-resolver-dns-native-macos-4.1.115.Final-osx-x86_64.jar:/Users/kunaharshakumar/.m2/repository/io/netty/netty-resolver-dns-classes-macos/4.1.115.Final/netty-resolver-dns-classes-macos-4.1.115.Final.jar:/Users/kunaharshakumar/.m2/repository/io/netty/netty-transport-native-epoll/4.1.115.Final/netty-transport-native-epoll-4.1.115.Final-linux-x86_64.jar:/Users/kunaharshakumar/.m2/repository/io/netty/netty-transport-native-unix-common/4.1.115.Final/netty-transport-native-unix-common-4.1.115.Final.jar:/Users/kunaharshakumar/.m2/repository/io/netty/netty-transport-classes-epoll/4.1.115.Final/netty-transport-classes-epoll-4.1.115.Final.jar:/Users/kunaharshakumar/.m2/repository/io/projectreactor/netty/reactor-netty-core/1.2.1-SNAPSHOT/reactor-netty-core-1.2.1-SNAPSHOT.jar:/Users/kunaharshakumar/.m2/repository/io/netty/netty-handler-proxy/4.1.115.Final/netty-handler-proxy-4.1.115.Final.jar:/Users/kunaharshakumar/.m2/repository/io/netty/netty-codec-socks/4.1.115.Final/netty-codec-socks-4.1.115.Final.jar:/Users/kunaharshakumar/.m2/repository/org/springframework/spring-webflux/6.2.1-SNAPSHOT/spring-webflux-6.2.1-SNAPSHOT.jar:/Users/kunaharshakumar/.m2/repository/org/mybatis/spring/boot/mybatis-spring-boot-starter/3.0.4/mybatis-spring-boot-starter-3.0.4.jar:/Users/kunaharshakumar/.m2/repository/org/mybatis/spring/boot/mybatis-spring-boot-autoconfigure/3.0.4/mybatis-spring-boot-autoconfigure-3.0.4.jar:/Users/kunaharshakumar/.m2/repository/org/mybatis/mybatis/3.5.17/mybatis-3.5.17.jar:/Users/kunaharshakumar/.m2/repository/org/mybatis/mybatis-spring/3.0.4/mybatis-spring-3.0.4.jar:/Users/kunaharshakumar/.m2/repository/org/springframework/boot/spring-boot-devtools/3.4.1-SNAPSHOT/spring-boot-devtools-3.4.1-SNAPSHOT.jar:/Users/kunaharshakumar/.m2/repository/org/springframework/boot/spring-boot/3.4.1-SNAPSHOT/spring-boot-3.4.1-SNAPSHOT.jar:/Users/kunaharshakumar/.m2/repository/org/springframework/boot/spring-boot-autoconfigure/3.4.1-SNAPSHOT/spring-boot-autoconfigure-3.4.1-SNAPSHOT.jar:/Users/kunaharshakumar/.m2/repository/com/mysql/mysql-connector-j/9.1.0/mysql-connector-j-9.1.0.jar:/Users/kunaharshakumar/.m2/repository/org/mariadb/jdbc/mariadb-java-client/3.4.1/mariadb-java-client-3.4.1.jar:/Users/kunaharshakumar/.m2/repository/com/github/waffle/waffle-jna/3.3.0/waffle-jna-3.3.0.jar:/Users/kunaharshakumar/.m2/repository/net/java/dev/jna/jna/5.13.0/jna-5.13.0.jar:/Users/kunaharshakumar/.m2/repository/net/java/dev/jna/jna-platform/5.13.0/jna-platform-5.13.0.jar:/Users/kunaharshakumar/.m2/repository/org/slf4j/jcl-over-slf4j/2.0.16/jcl-over-slf4j-2.0.16.jar:/Users/kunaharshakumar/.m2/repository/com/github/ben-manes/caffeine/caffeine/3.1.8/caffeine-3.1.8.jar:/Users/kunaharshakumar/.m2/repository/com/google/errorprone/error_prone_annotations/2.21.1/error_prone_annotations-2.21.1.jar:/Users/kunaharshakumar/.m2/repository/org/checkerframework/checker-qual/3.32.0/checker-qual-3.32.0.jar:/Users/kunaharshakumar/.m2/repository/org/projectlombok/lombok/1.18.36/lombok-1.18.36.jar:/Users/kunaharshakumar/.m2/repository/io/projectreactor/reactor-test/3.7.1-SNAPSHOT/reactor-test-3.7.1-SNAPSHOT.jar:/Users/kunaharshakumar/.m2/repository/io/projectreactor/reactor-core/3.7.1-SNAPSHOT/reactor-core-3.7.1-SNAPSHOT.jar:/Users/kunaharshakumar/.m2/repository/org/reactivestreams/reactive-streams/1.0.4/reactive-streams-1.0.4.jar:/Users/kunaharshakumar/.m2/repository/org/mybatis/spring/boot/mybatis-spring-boot-starter-test/3.0.4/mybatis-spring-boot-starter-test-3.0.4.jar:/Users/kunaharshakumar/.m2/repository/org/mybatis/spring/boot/mybatis-spring-boot-test-autoconfigure/3.0.4/mybatis-spring-boot-test-autoconfigure-3.0.4.jar:/Users/kunaharshakumar/.m2/repository/org/springframework/batch/spring-batch-test/5.2.0/spring-batch-test-5.2.0.jar:"/>
    <property name="java.vm.vendor" value="Oracle Corporation"/>
    <property name="sun.arch.data.model" value="64"/>
    <property name="java.vendor.url" value="https://java.oracle.com/"/>
    <property name="os.name" value="Mac OS X"/>
    <property name="java.vm.specification.version" value="23"/>
    <property name="user.country" value="US"/>
    <property name="sun.java.launcher" value="SUN_STANDARD"/>
    <property name="sun.boot.library.path" value="/Users/kunaharshakumar/Library/Java/JavaVirtualMachines/openjdk-23/Contents/Home/lib"/>
    <property name="sun.java.command" value="/Users/kunaharshakumar/Desktop/fitfusion_Dev-1/backend/target/surefire/surefirebooter-20241207183621381_3.jar /Users/kunaharshakumar/Desktop/fitfusion_Dev-1/backend/target/surefire 2024-12-07T18-36-21_344-jvmRun1 surefire-20241207183621381_1tmp surefire_0-20241207183621381_2tmp"/>
    <property name="http.nonProxyHosts" value="local|*.local|169.254/16|*.169.254/16"/>
    <property name="jdk.debug" value="release"/>
    <property name="test" value="com.example.demo.Controller.ExerciseControllerTest"/>
    <property name="surefire.test.class.path" value="/Users/kunaharshakumar/Desktop/fitfusion_Dev-1/backend/target/test-classes:/Users/kunaharshakumar/Desktop/fitfusion_Dev-1/backend/target/classes:/Users/kunaharshakumar/.m2/repository/org/springframework/boot/spring-boot-starter-batch/3.4.1-SNAPSHOT/spring-boot-starter-batch-3.4.1-SNAPSHOT.jar:/Users/kunaharshakumar/.m2/repository/org/springframework/boot/spring-boot-starter/3.4.1-SNAPSHOT/spring-boot-starter-3.4.1-SNAPSHOT.jar:/Users/kunaharshakumar/.m2/repository/org/springframework/boot/spring-boot-starter-logging/3.4.1-SNAPSHOT/spring-boot-starter-logging-3.4.1-SNAPSHOT.jar:/Users/kunaharshakumar/.m2/repository/ch/qos/logback/logback-classic/1.5.12/logback-classic-1.5.12.jar:/Users/kunaharshakumar/.m2/repository/ch/qos/logback/logback-core/1.5.12/logback-core-1.5.12.jar:/Users/kunaharshakumar/.m2/repository/org/apache/logging/log4j/log4j-to-slf4j/2.24.2/log4j-to-slf4j-2.24.2.jar:/Users/kunaharshakumar/.m2/repository/org/apache/logging/log4j/log4j-api/2.24.2/log4j-api-2.24.2.jar:/Users/kunaharshakumar/.m2/repository/org/slf4j/jul-to-slf4j/2.0.16/jul-to-slf4j-2.0.16.jar:/Users/kunaharshakumar/.m2/repository/jakarta/annotation/jakarta.annotation-api/2.1.1/jakarta.annotation-api-2.1.1.jar:/Users/kunaharshakumar/.m2/repository/org/yaml/snakeyaml/2.3/snakeyaml-2.3.jar:/Users/kunaharshakumar/.m2/repository/org/springframework/batch/spring-batch-core/5.2.0/spring-batch-core-5.2.0.jar:/Users/kunaharshakumar/.m2/repository/org/springframework/batch/spring-batch-infrastructure/5.2.0/spring-batch-infrastructure-5.2.0.jar:/Users/kunaharshakumar/.m2/repository/org/springframework/retry/spring-retry/2.0.10/spring-retry-2.0.10.jar:/Users/kunaharshakumar/.m2/repository/org/springframework/spring-aop/6.2.1-SNAPSHOT/spring-aop-6.2.1-SNAPSHOT.jar:/Users/kunaharshakumar/.m2/repository/org/springframework/spring-beans/6.2.1-SNAPSHOT/spring-beans-6.2.1-SNAPSHOT.jar:/Users/kunaharshakumar/.m2/repository/org/springframework/spring-context/6.2.1-SNAPSHOT/spring-context-6.2.1-SNAPSHOT.jar:/Users/kunaharshakumar/.m2/repository/org/springframework/spring-tx/6.2.1-SNAPSHOT/spring-tx-6.2.1-SNAPSHOT.jar:/Users/kunaharshakumar/.m2/repository/io/micrometer/micrometer-core/1.14.2-SNAPSHOT/micrometer-core-1.14.2-SNAPSHOT.jar:/Users/kunaharshakumar/.m2/repository/io/micrometer/micrometer-commons/1.14.2-SNAPSHOT/micrometer-commons-1.14.2-SNAPSHOT.jar:/Users/kunaharshakumar/.m2/repository/org/hdrhistogram/HdrHistogram/2.2.2/HdrHistogram-2.2.2.jar:/Users/kunaharshakumar/.m2/repository/org/latencyutils/LatencyUtils/2.0.3/LatencyUtils-2.0.3.jar:/Users/kunaharshakumar/.m2/repository/io/micrometer/micrometer-observation/1.14.2-SNAPSHOT/micrometer-observation-1.14.2-SNAPSHOT.jar:/Users/kunaharshakumar/.m2/repository/org/springframework/data/spring-data-commons/3.4.1-SNAPSHOT/spring-data-commons-3.4.1-SNAPSHOT.jar:/Users/kunaharshakumar/.m2/repository/org/hibernate/validator/hibernate-validator/8.0.1.Final/hibernate-validator-8.0.1.Final.jar:/Users/kunaharshakumar/.m2/repository/jakarta/validation/jakarta.validation-api/3.0.2/jakarta.validation-api-3.0.2.jar:/Users/kunaharshakumar/.m2/repository/org/jboss/logging/jboss-logging/3.6.1.Final/jboss-logging-3.6.1.Final.jar:/Users/kunaharshakumar/.m2/repository/com/fasterxml/classmate/1.7.0/classmate-1.7.0.jar:/Users/kunaharshakumar/.m2/repository/org/springdoc/springdoc-openapi-starter-webmvc-ui/2.1.0/springdoc-openapi-starter-webmvc-ui-2.1.0.jar:/Users/kunaharshakumar/.m2/repository/org/springdoc/springdoc-openapi-starter-webmvc-api/2.1.0/springdoc-openapi-starter-webmvc-api-2.1.0.jar:/Users/kunaharshakumar/.m2/repository/org/springdoc/springdoc-openapi-starter-common/2.1.0/springdoc-openapi-starter-common-2.1.0.jar:/Users/kunaharshakumar/.m2/repository/io/swagger/core/v3/swagger-core-jakarta/2.2.9/swagger-core-jakarta-2.2.9.jar:/Users/kunaharshakumar/.m2/repository/org/apache/commons/commons-lang3/3.17.0/commons-lang3-3.17.0.jar:/Users/kunaharshakumar/.m2/repository/io/swagger/core/v3/swagger-annotations-jakarta/2.2.9/swagger-annotations-jakarta-2.2.9.jar:/Users/kunaharshakumar/.m2/repository/io/swagger/core/v3/swagger-models-jakarta/2.2.9/swagger-models-jakarta-2.2.9.jar:/Users/kunaharshakumar/.m2/repository/com/fasterxml/jackson/dataformat/jackson-dataformat-yaml/2.18.2/jackson-dataformat-yaml-2.18.2.jar:/Users/kunaharshakumar/.m2/repository/org/webjars/swagger-ui/4.18.2/swagger-ui-4.18.2.jar:/Users/kunaharshakumar/.m2/repository/org/springframework/boot/spring-boot-starter-test/3.4.1-SNAPSHOT/spring-boot-starter-test-3.4.1-SNAPSHOT.jar:/Users/kunaharshakumar/.m2/repository/org/springframework/boot/spring-boot-test/3.4.1-SNAPSHOT/spring-boot-test-3.4.1-SNAPSHOT.jar:/Users/kunaharshakumar/.m2/repository/org/springframework/boot/spring-boot-test-autoconfigure/3.4.1-SNAPSHOT/spring-boot-test-autoconfigure-3.4.1-SNAPSHOT.jar:/Users/kunaharshakumar/.m2/repository/com/jayway/jsonpath/json-path/2.9.0/json-path-2.9.0.jar:/Users/kunaharshakumar/.m2/repository/org/slf4j/slf4j-api/2.0.16/slf4j-api-2.0.16.jar:/Users/kunaharshakumar/.m2/repository/jakarta/xml/bind/jakarta.xml.bind-api/4.0.2/jakarta.xml.bind-api-4.0.2.jar:/Users/kunaharshakumar/.m2/repository/jakarta/activation/jakarta.activation-api/2.1.3/jakarta.activation-api-2.1.3.jar:/Users/kunaharshakumar/.m2/repository/net/minidev/json-smart/2.5.1/json-smart-2.5.1.jar:/Users/kunaharshakumar/.m2/repository/net/minidev/accessors-smart/2.5.1/accessors-smart-2.5.1.jar:/Users/kunaharshakumar/.m2/repository/org/ow2/asm/asm/9.6/asm-9.6.jar:/Users/kunaharshakumar/.m2/repository/org/assertj/assertj-core/3.26.3/assertj-core-3.26.3.jar:/Users/kunaharshakumar/.m2/repository/org/awaitility/awaitility/4.2.2/awaitility-4.2.2.jar:/Users/kunaharshakumar/.m2/repository/org/hamcrest/hamcrest/2.2/hamcrest-2.2.jar:/Users/kunaharshakumar/.m2/repository/org/junit/jupiter/junit-jupiter/5.11.3/junit-jupiter-5.11.3.jar:/Users/kunaharshakumar/.m2/repository/org/junit/jupiter/junit-jupiter-api/5.11.3/junit-jupiter-api-5.11.3.jar:/Users/kunaharshakumar/.m2/repository/org/opentest4j/opentest4j/1.3.0/opentest4j-1.3.0.jar:/Users/kunaharshakumar/.m2/repository/org/junit/platform/junit-platform-commons/1.11.3/junit-platform-commons-1.11.3.jar:/Users/kunaharshakumar/.m2/repository/org/apiguardian/apiguardian-api/1.1.2/apiguardian-api-1.1.2.jar:/Users/kunaharshakumar/.m2/repository/org/junit/jupiter/junit-jupiter-params/5.11.3/junit-jupiter-params-5.11.3.jar:/Users/kunaharshakumar/.m2/repository/org/junit/jupiter/junit-jupiter-engine/5.11.3/junit-jupiter-engine-5.11.3.jar:/Users/kunaharshakumar/.m2/repository/org/junit/platform/junit-platform-engine/1.11.3/junit-platform-engine-1.11.3.jar:/Users/kunaharshakumar/.m2/repository/org/mockito/mockito-junit-jupiter/5.14.2/mockito-junit-jupiter-5.14.2.jar:/Users/kunaharshakumar/.m2/repository/org/skyscreamer/jsonassert/1.5.3/jsonassert-1.5.3.jar:/Users/kunaharshakumar/.m2/repository/com/vaadin/external/google/android-json/0.0.20131108.vaadin1/android-json-0.0.20131108.vaadin1.jar:/Users/kunaharshakumar/.m2/repository/org/springframework/spring-core/6.2.1-SNAPSHOT/spring-core-6.2.1-SNAPSHOT.jar:/Users/kunaharshakumar/.m2/repository/org/springframework/spring-jcl/6.2.1-SNAPSHOT/spring-jcl-6.2.1-SNAPSHOT.jar:/Users/kunaharshakumar/.m2/repository/org/springframework/spring-test/6.2.1-SNAPSHOT/spring-test-6.2.1-SNAPSHOT.jar:/Users/kunaharshakumar/.m2/repository/org/xmlunit/xmlunit-core/2.10.0/xmlunit-core-2.10.0.jar:/Users/kunaharshakumar/.m2/repository/org/mockito/mockito-core/4.0.0/mockito-core-4.0.0.jar:/Users/kunaharshakumar/.m2/repository/net/bytebuddy/byte-buddy/1.15.10/byte-buddy-1.15.10.jar:/Users/kunaharshakumar/.m2/repository/net/bytebuddy/byte-buddy-agent/1.15.10/byte-buddy-agent-1.15.10.jar:/Users/kunaharshakumar/.m2/repository/org/objenesis/objenesis/3.2/objenesis-3.2.jar:/Users/kunaharshakumar/.m2/repository/org/springframework/boot/spring-boot-starter-data-jdbc/3.4.1-SNAPSHOT/spring-boot-starter-data-jdbc-3.4.1-SNAPSHOT.jar:/Users/kunaharshakumar/.m2/repository/org/springframework/data/spring-data-jdbc/3.4.1-SNAPSHOT/spring-data-jdbc-3.4.1-SNAPSHOT.jar:/Users/kunaharshakumar/.m2/repository/org/springframework/data/spring-data-relational/3.4.1-SNAPSHOT/spring-data-relational-3.4.1-SNAPSHOT.jar:/Users/kunaharshakumar/.m2/repository/org/springframework/boot/spring-boot-starter-data-rest/3.4.1-SNAPSHOT/spring-boot-starter-data-rest-3.4.1-SNAPSHOT.jar:/Users/kunaharshakumar/.m2/repository/org/springframework/data/spring-data-rest-webmvc/4.4.1-SNAPSHOT/spring-data-rest-webmvc-4.4.1-SNAPSHOT.jar:/Users/kunaharshakumar/.m2/repository/org/springframework/data/spring-data-rest-core/4.4.1-SNAPSHOT/spring-data-rest-core-4.4.1-SNAPSHOT.jar:/Users/kunaharshakumar/.m2/repository/org/springframework/hateoas/spring-hateoas/2.4.0/spring-hateoas-2.4.0.jar:/Users/kunaharshakumar/.m2/repository/org/springframework/plugin/spring-plugin-core/3.0.0/spring-plugin-core-3.0.0.jar:/Users/kunaharshakumar/.m2/repository/org/atteo/evo-inflector/1.3/evo-inflector-1.3.jar:/Users/kunaharshakumar/.m2/repository/com/fasterxml/jackson/core/jackson-databind/2.18.2/jackson-databind-2.18.2.jar:/Users/kunaharshakumar/.m2/repository/com/fasterxml/jackson/core/jackson-core/2.18.2/jackson-core-2.18.2.jar:/Users/kunaharshakumar/.m2/repository/com/fasterxml/jackson/core/jackson-annotations/2.18.2/jackson-annotations-2.18.2.jar:/Users/kunaharshakumar/.m2/repository/org/springframework/boot/spring-boot-starter-jdbc/3.4.1-SNAPSHOT/spring-boot-starter-jdbc-3.4.1-SNAPSHOT.jar:/Users/kunaharshakumar/.m2/repository/com/zaxxer/HikariCP/5.1.0/HikariCP-5.1.0.jar:/Users/kunaharshakumar/.m2/repository/org/springframework/spring-jdbc/6.2.1-SNAPSHOT/spring-jdbc-6.2.1-SNAPSHOT.jar:/Users/kunaharshakumar/.m2/repository/org/springframework/boot/spring-boot-starter-thymeleaf/3.4.1-SNAPSHOT/spring-boot-starter-thymeleaf-3.4.1-SNAPSHOT.jar:/Users/kunaharshakumar/.m2/repository/org/thymeleaf/thymeleaf-spring6/3.1.2.RELEASE/thymeleaf-spring6-3.1.2.RELEASE.jar:/Users/kunaharshakumar/.m2/repository/org/thymeleaf/thymeleaf/3.1.2.RELEASE/thymeleaf-3.1.2.RELEASE.jar:/Users/kunaharshakumar/.m2/repository/org/attoparser/attoparser/2.0.7.RELEASE/attoparser-2.0.7.RELEASE.jar:/Users/kunaharshakumar/.m2/repository/org/unbescape/unbescape/1.1.6.RELEASE/unbescape-1.1.6.RELEASE.jar:/Users/kunaharshakumar/.m2/repository/org/springframework/boot/spring-boot-starter-web/3.4.1-SNAPSHOT/spring-boot-starter-web-3.4.1-SNAPSHOT.jar:/Users/kunaharshakumar/.m2/repository/org/springframework/boot/spring-boot-starter-json/3.4.1-SNAPSHOT/spring-boot-starter-json-3.4.1-SNAPSHOT.jar:/Users/kunaharshakumar/.m2/repository/com/fasterxml/jackson/datatype/jackson-datatype-jdk8/2.18.2/jackson-datatype-jdk8-2.18.2.jar:/Users/kunaharshakumar/.m2/repository/com/fasterxml/jackson/datatype/jackson-datatype-jsr310/2.18.2/jackson-datatype-jsr310-2.18.2.jar:/Users/kunaharshakumar/.m2/repository/com/fasterxml/jackson/module/jackson-module-parameter-names/2.18.2/jackson-module-parameter-names-2.18.2.jar:/Users/kunaharshakumar/.m2/repository/org/springframework/boot/spring-boot-starter-tomcat/3.4.1-SNAPSHOT/spring-boot-starter-tomcat-3.4.1-SNAPSHOT.jar:/Users/kunaharshakumar/.m2/repository/org/apache/tomcat/embed/tomcat-embed-core/10.1.33/tomcat-embed-core-10.1.33.jar:/Users/kunaharshakumar/.m2/repository/org/apache/tomcat/embed/tomcat-embed-el/10.1.33/tomcat-embed-el-10.1.33.jar:/Users/kunaharshakumar/.m2/repository/org/apache/tomcat/embed/tomcat-embed-websocket/10.1.33/tomcat-embed-websocket-10.1.33.jar:/Users/kunaharshakumar/.m2/repository/org/springframework/spring-web/6.2.1-SNAPSHOT/spring-web-6.2.1-SNAPSHOT.jar:/Users/kunaharshakumar/.m2/repository/org/springframework/spring-webmvc/6.2.1-SNAPSHOT/spring-webmvc-6.2.1-SNAPSHOT.jar:/Users/kunaharshakumar/.m2/repository/org/springframework/spring-expression/6.2.1-SNAPSHOT/spring-expression-6.2.1-SNAPSHOT.jar:/Users/kunaharshakumar/.m2/repository/org/springframework/boot/spring-boot-starter-webflux/3.4.1-SNAPSHOT/spring-boot-starter-webflux-3.4.1-SNAPSHOT.jar:/Users/kunaharshakumar/.m2/repository/org/springframework/boot/spring-boot-starter-reactor-netty/3.4.1-SNAPSHOT/spring-boot-starter-reactor-netty-3.4.1-SNAPSHOT.jar:/Users/kunaharshakumar/.m2/repository/io/projectreactor/netty/reactor-netty-http/1.2.1-SNAPSHOT/reactor-netty-http-1.2.1-SNAPSHOT.jar:/Users/kunaharshakumar/.m2/repository/io/netty/netty-codec-http/4.1.115.Final/netty-codec-http-4.1.115.Final.jar:/Users/kunaharshakumar/.m2/repository/io/netty/netty-common/4.1.115.Final/netty-common-4.1.115.Final.jar:/Users/kunaharshakumar/.m2/repository/io/netty/netty-buffer/4.1.115.Final/netty-buffer-4.1.115.Final.jar:/Users/kunaharshakumar/.m2/repository/io/netty/netty-transport/4.1.115.Final/netty-transport-4.1.115.Final.jar:/Users/kunaharshakumar/.m2/repository/io/netty/netty-codec/4.1.115.Final/netty-codec-4.1.115.Final.jar:/Users/kunaharshakumar/.m2/repository/io/netty/netty-handler/4.1.115.Final/netty-handler-4.1.115.Final.jar:/Users/kunaharshakumar/.m2/repository/io/netty/netty-codec-http2/4.1.115.Final/netty-codec-http2-4.1.115.Final.jar:/Users/kunaharshakumar/.m2/repository/io/netty/netty-resolver-dns/4.1.115.Final/netty-resolver-dns-4.1.115.Final.jar:/Users/kunaharshakumar/.m2/repository/io/netty/netty-resolver/4.1.115.Final/netty-resolver-4.1.115.Final.jar:/Users/kunaharshakumar/.m2/repository/io/netty/netty-codec-dns/4.1.115.Final/netty-codec-dns-4.1.115.Final.jar:/Users/kunaharshakumar/.m2/repository/io/netty/netty-resolver-dns-native-macos/4.1.115.Final/netty-resolver-dns-native-macos-4.1.115.Final-osx-x86_64.jar:/Users/kunaharshakumar/.m2/repository/io/netty/netty-resolver-dns-classes-macos/4.1.115.Final/netty-resolver-dns-classes-macos-4.1.115.Final.jar:/Users/kunaharshakumar/.m2/repository/io/netty/netty-transport-native-epoll/4.1.115.Final/netty-transport-native-epoll-4.1.115.Final-linux-x86_64.jar:/Users/kunaharshakumar/.m2/repository/io/netty/netty-transport-native-unix-common/4.1.115.Final/netty-transport-native-unix-common-4.1.115.Final.jar:/Users/kunaharshakumar/.m2/repository/io/netty/netty-transport-classes-epoll/4.1.115.Final/netty-transport-classes-epoll-4.1.115.Final.jar:/Users/kunaharshakumar/.m2/repository/io/projectreactor/netty/reactor-netty-core/1.2.1-SNAPSHOT/reactor-netty-core-1.2.1-SNAPSHOT.jar:/Users/kunaharshakumar/.m2/repository/io/netty/netty-handler-proxy/4.1.115.Final/netty-handler-proxy-4.1.115.Final.jar:/Users/kunaharshakumar/.m2/repository/io/netty/netty-codec-socks/4.1.115.Final/netty-codec-socks-4.1.115.Final.jar:/Users/kunaharshakumar/.m2/repository/org/springframework/spring-webflux/6.2.1-SNAPSHOT/spring-webflux-6.2.1-SNAPSHOT.jar:/Users/kunaharshakumar/.m2/repository/org/mybatis/spring/boot/mybatis-spring-boot-starter/3.0.4/mybatis-spring-boot-starter-3.0.4.jar:/Users/kunaharshakumar/.m2/repository/org/mybatis/spring/boot/mybatis-spring-boot-autoconfigure/3.0.4/mybatis-spring-boot-autoconfigure-3.0.4.jar:/Users/kunaharshakumar/.m2/repository/org/mybatis/mybatis/3.5.17/mybatis-3.5.17.jar:/Users/kunaharshakumar/.m2/repository/org/mybatis/mybatis-spring/3.0.4/mybatis-spring-3.0.4.jar:/Users/kunaharshakumar/.m2/repository/org/springframework/boot/spring-boot-devtools/3.4.1-SNAPSHOT/spring-boot-devtools-3.4.1-SNAPSHOT.jar:/Users/kunaharshakumar/.m2/repository/org/springframework/boot/spring-boot/3.4.1-SNAPSHOT/spring-boot-3.4.1-SNAPSHOT.jar:/Users/kunaharshakumar/.m2/repository/org/springframework/boot/spring-boot-autoconfigure/3.4.1-SNAPSHOT/spring-boot-autoconfigure-3.4.1-SNAPSHOT.jar:/Users/kunaharshakumar/.m2/repository/com/mysql/mysql-connector-j/9.1.0/mysql-connector-j-9.1.0.jar:/Users/kunaharshakumar/.m2/repository/org/mariadb/jdbc/mariadb-java-client/3.4.1/mariadb-java-client-3.4.1.jar:/Users/kunaharshakumar/.m2/repository/com/github/waffle/waffle-jna/3.3.0/waffle-jna-3.3.0.jar:/Users/kunaharshakumar/.m2/repository/net/java/dev/jna/jna/5.13.0/jna-5.13.0.jar:/Users/kunaharshakumar/.m2/repository/net/java/dev/jna/jna-platform/5.13.0/jna-platform-5.13.0.jar:/Users/kunaharshakumar/.m2/repository/org/slf4j/jcl-over-slf4j/2.0.16/jcl-over-slf4j-2.0.16.jar:/Users/kunaharshakumar/.m2/repository/com/github/ben-manes/caffeine/caffeine/3.1.8/caffeine-3.1.8.jar:/Users/kunaharshakumar/.m2/repository/com/google/errorprone/error_prone_annotations/2.21.1/error_prone_annotations-2.21.1.jar:/Users/kunaharshakumar/.m2/repository/org/checkerframework/checker-qual/3.32.0/checker-qual-3.32.0.jar:/Users/kunaharshakumar/.m2/repository/org/projectlombok/lombok/1.18.36/lombok-1.18.36.jar:/Users/kunaharshakumar/.m2/repository/io/projectreactor/reactor-test/3.7.1-SNAPSHOT/reactor-test-3.7.1-SNAPSHOT.jar:/Users/kunaharshakumar/.m2/repository/io/projectreactor/reactor-core/3.7.1-SNAPSHOT/reactor-core-3.7.1-SNAPSHOT.jar:/Users/kunaharshakumar/.m2/repository/org/reactivestreams/reactive-streams/1.0.4/reactive-streams-1.0.4.jar:/Users/kunaharshakumar/.m2/repository/org/mybatis/spring/boot/mybatis-spring-boot-starter-test/3.0.4/mybatis-spring-boot-starter-test-3.0.4.jar:/Users/kunaharshakumar/.m2/repository/org/mybatis/spring/boot/mybatis-spring-boot-test-autoconfigure/3.0.4/mybatis-spring-boot-test-autoconfigure-3.0.4.jar:/Users/kunaharshakumar/.m2/repository/org/springframework/batch/spring-batch-test/5.2.0/spring-batch-test-5.2.0.jar:"/>
    <property name="sun.cpu.endian" value="little"/>
    <property name="user.home" value="/Users/kunaharshakumar"/>
    <property name="user.language" value="en"/>
    <property name="java.specification.vendor" value="Oracle Corporation"/>
    <property name="java.version.date" value="2024-09-17"/>
    <property name="java.home" value="/Users/kunaharshakumar/Library/Java/JavaVirtualMachines/openjdk-23/Contents/Home"/>
    <property name="file.separator" value="/"/>
    <property name="basedir" value="/Users/kunaharshakumar/Desktop/fitfusion_Dev-1/backend"/>
    <property name="java.vm.compressedOopsMode" value="Zero based"/>
    <property name="line.separator" value="&#10;"/>
    <property name="java.vm.specification.vendor" value="Oracle Corporation"/>
    <property name="java.specification.name" value="Java Platform API Specification"/>
    <property name="apple.awt.application.name" value="ForkedBooter"/>
    <property name="surefire.real.class.path" value="/Users/kunaharshakumar/Desktop/fitfusion_Dev-1/backend/target/surefire/surefirebooter-20241207183621381_3.jar"/>
    <property name="sun.management.compiler" value="HotSpot 64-Bit Tiered Compilers"/>
    <property name="ftp.nonProxyHosts" value="local|*.local|169.254/16|*.169.254/16"/>
    <property name="java.runtime.version" value="23+37-2369"/>
    <property name="user.name" value="kunaharshakumar"/>
    <property name="stdout.encoding" value="UTF-8"/>
    <property name="path.separator" value=":"/>
    <property name="os.version" value="14.6"/>
    <property name="java.runtime.name" value="OpenJDK Runtime Environment"/>
    <property name="file.encoding" value="UTF-8"/>
    <property name="java.vm.name" value="OpenJDK 64-Bit Server VM"/>
    <property name="maven.ext.class.path" value="/Users/kunaharshakumar/.vscode/extensions/oracle.oracle-java-23.0.1/nbcode/java/maven-nblib/netbeans-eventspy.jar"/>
    <property name="localRepository" value="/Users/kunaharshakumar/.m2/repository"/>
    <property name="java.vendor.url.bug" value="https://bugreport.java.com/bugreport/"/>
    <property name="java.io.tmpdir" value="/var/folders/rf/h49l3cb53pqfscvm6xmn5zw00000gn/T/"/>
    <property name="java.version" value="23"/>
    <property name="user.dir" value="/Users/kunaharshakumar/Desktop/fitfusion_Dev-1/backend"/>
    <property name="os.arch" value="aarch64"/>
    <property name="java.vm.specification.name" value="Java Virtual Machine Specification"/>
    <property name="native.encoding" value="UTF-8"/>
    <property name="java.library.path" value="/Users/kunaharshakumar/Library/Java/Extensions:/Library/Java/Extensions:/Network/Library/Java/Extensions:/System/Library/Java/Extensions:/usr/lib/java:."/>
    <property name="java.vm.info" value="mixed mode, sharing"/>
    <property name="stderr.encoding" value="UTF-8"/>
    <property name="java.vendor" value="Oracle Corporation"/>
    <property name="java.vm.version" value="23+37-2369"/>
    <property name="sun.io.unicode.encoding" value="UnicodeBig"/>
    <property name="socksNonProxyHosts" value="local|*.local|169.254/16|*.169.254/16"/>
    <property name="java.class.version" value="67.0"/>
  </properties>
  <testcase name="testGetUsers" classname="com.example.demo.Controller.ExerciseControllerTest" time="0.198"/>
  <testcase name="testGetExercise" classname="com.example.demo.Controller.ExerciseControllerTest" time="0.002"/>
  <testcase name="testGetExercisesByCategory" classname="com.example.demo.Controller.ExerciseControllerTest" time="0.002">
    <system-out><![CDATA[Strength
]]></system-out>
  </testcase>
</testsuite>